2024-05-26T10:33:57.324Z[INFO]:
2024-05-26T10:34:03.311Z[INFO]:MongoDb
2024-05-26T10:34:10.192Z[INFO]:MongoDB connected
2024-05-26T10:34:12.385Z[INFO]:MongoDB connected....
2024-05-26T10:34:26.224Z[INFO]:MongoDB connected....
2024-05-26T10:34:32.838Z[INFO]:MongoDB connected....
2024-05-26T10:34:36.197Z[INFO]:MongoDB connected....
2024-05-26T10:35:11.011Z[INFO]:MongoDB connected....
2024-05-26T10:35:17.610Z[INFO]:MongoDB connected....
2024-05-26T10:35:19.918Z[INFO]:MongoDB connected....
2024-05-26T10:35:23.399Z[INFO]:MongoDB connected....
2024-05-26T10:35:56.136Z[INFO]:MongoDB connected....
2024-05-26T10:37:07.887Z[INFO]:MongoDB connected....
2024-05-26T10:37:09.551Z[INFO]:MongoDB connected....
2024-05-26T10:37:15.847Z[INFO]:MongoDB connected....
2024-05-26T10:37:24.371Z[INFO]:MongoDB connected....
2024-05-26T10:37:28.851Z[INFO]:MongoDB connected....
2024-05-26T10:37:32.376Z[INFO]:MongoDB connected....
2024-05-26T10:37:39.611Z[INFO]:MongoDB connected....
2024-05-26T10:37:41.840Z[INFO]:MongoDB connected....
2024-05-26T10:37:49.094Z[INFO]:MongoDB connected....
2024-05-26T10:38:19.886Z[INFO]:MongoDB connected....
2024-05-26T10:38:26.567Z[INFO]:MongoDB connected....
2024-05-26T10:38:33.805Z[INFO]:MongoDB connected....
2024-05-26T10:38:42.656Z[INFO]:MongoDB connected....
2024-05-26T10:39:13.852Z[INFO]:MongoDB connected....
2024-05-26T10:39:13.930Z[INFO]:Directory watch Task Started
2024-05-26T10:39:27.489Z[INFO]:MongoDB connected....
2024-05-26T10:39:27.564Z[INFO]:Directory watch Task Started
2024-05-26T10:39:29.180Z[INFO]:MongoDB connected....
2024-05-26T10:39:29.262Z[INFO]:Directory watch Task Started
2024-05-26T10:39:41.336Z[INFO]:MongoDB connected....
2024-05-26T10:39:41.519Z[INFO]:Directory watch Task Started
2024-05-26T10:39:50.246Z[INFO]:MongoDB connected....
2024-05-26T10:39:50.334Z[INFO]:Directory watch Task Started
2024-05-26T10:39:52.395Z[INFO]:MongoDB connected....
2024-05-26T10:39:52.487Z[INFO]:Directory watch Task Started
2024-05-26T10:39:57.240Z[INFO]:MongoDB connected....
2024-05-26T10:39:57.337Z[INFO]:Directory watch Task Started
2024-05-26T10:41:05.409Z[INFO]:MongoDB connected....
2024-05-26T10:41:05.511Z[INFO]:Directory watch Task Started
2024-05-26T10:41:09.891Z[INFO]:MongoDB connected....
2024-05-26T10:41:09.999Z[INFO]:Directory watch Task Started
2024-05-26T10:41:15.395Z[INFO]:MongoDB connected....
2024-05-26T10:41:15.464Z[INFO]:Directory watch Task Started
2024-05-26T10:46:20.187Z[INFO]:MongoDB connected....
2024-05-26T10:46:20.243Z[INFO]:Directory watch Task Started
2024-05-26T10:47:32.295Z[INFO]:Directory watch task stoped
2024-05-26T10:47:49.745Z[INFO]:Directory watch task stoped
2024-05-26T10:47:49.747Z[INFO]:Directory watch Task Started
2024-05-26T10:48:49.779Z[INFO]:Directory watch task stoped
2024-05-26T12:21:33.575Z[INFO]:::ffff:127.0.0.1 - - [26/May/2024:12:21:33 +0000] "GET /api/tasks HTTP/1.1" 404 148 "-" "Mozilla/5.0 (Windows NT 10.0; Win64; x64; rv:126.0) Gecko/20100101 Firefox/126.0"
2024-05-26T12:42:30.379Z[INFO]:MongoDB connected....
2024-05-26T12:42:30.679Z[INFO]:Directory watch Task Started
2024-05-26T12:43:12.083Z[INFO]:MongoDB connected....
2024-05-26T12:43:12.250Z[INFO]:Directory watch Task Started
2024-05-26T12:46:16.661Z[INFO]:MongoDB connected....
2024-05-26T12:46:16.776Z[INFO]:Directory watch Task Started
2024-05-26T12:55:19.757Z[INFO]:Directory watch task stoped
2024-05-26T12:55:23.791Z[INFO]:Directory watch Task Started
2024-05-26T13:05:18.366Z[INFO]:Directory watch task stoped
2024-05-26T13:51:34.781Z[INFO]:MongoDB connected....
2024-05-26T13:51:35.012Z[INFO]:Directory watch Task Started
2024-05-26T13:51:37.725Z[INFO]:MongoDB connected....
2024-05-26T13:51:37.835Z[INFO]:Directory watch Task Started
2024-05-26T13:51:40.023Z[INFO]:MongoDB connected....
2024-05-26T13:51:40.174Z[INFO]:Directory watch Task Started
2024-05-26T13:51:51.575Z[INFO]:MongoDB connected....
2024-05-26T13:51:51.662Z[INFO]:Directory watch Task Started
2024-05-26T13:52:07.541Z[INFO]:MongoDB connected....
2024-05-26T13:52:07.669Z[INFO]:Directory watch Task Started
2024-05-26T14:34:02.150Z[INFO]:MongoDB connected....
2024-05-26T14:34:02.985Z[INFO]:Directory watch Task Started
2024-05-26T14:34:59.733Z[INFO]:Directory watch task stoped
2024-05-26T14:34:59.737Z[INFO]:Directory watch Task Started
2024-05-26T14:37:42.629Z[INFO]:Directory watch task stoped
2024-05-26T14:38:20.416Z[INFO]:Directory watch Task Started
2024-05-26T14:39:33.776Z[INFO]:Directory watch task stoped
2024-05-26T14:45:30.986Z[INFO]:MongoDB connected....
2024-05-26T14:45:31.123Z[INFO]:Directory watch Task Started
2024-05-26T14:46:00.646Z[INFO]:MongoDB connected....
2024-05-26T14:46:00.833Z[INFO]:Directory watch Task Started
2024-05-26T14:46:11.851Z[INFO]:MongoDB connected....
2024-05-26T14:46:11.950Z[INFO]:Directory watch Task Started
2024-05-26T14:46:14.282Z[INFO]:MongoDB connected....
2024-05-26T14:46:14.389Z[INFO]:Directory watch Task Started
2024-05-26T14:46:21.112Z[INFO]:MongoDB connected....
2024-05-26T14:46:21.257Z[INFO]:Directory watch Task Started
2024-05-26T14:46:36.548Z[INFO]:MongoDB connected....
2024-05-26T14:46:36.755Z[INFO]:Directory watch Task Started
2024-05-26T14:46:43.492Z[INFO]:MongoDB connected....
2024-05-26T14:46:43.879Z[INFO]:Directory watch Task Started
2024-05-26T14:47:08.667Z[INFO]:MongoDB connected....
2024-05-26T14:47:11.065Z[INFO]:Directory watch Task Started
2024-05-27T04:34:05.433Z[INFO]:MongoDB connected....
2024-05-27T04:34:05.635Z[INFO]:Directory watch Task Started
2024-05-27T04:45:10.115Z[ERROR]:bad auth : authentication failed
2024-05-27T04:48:26.870Z[INFO]:MongoDB connected....
2024-05-27T04:48:27.353Z[INFO]:Directory watch Task Started
2024-05-27T04:50:02.498Z[INFO]:MongoDB connected....
2024-05-27T04:50:02.971Z[INFO]:Directory watch Task Started
2024-05-27T04:50:24.579Z[ERROR]:bad auth : authentication failed
2024-05-27T04:51:03.680Z[ERROR]:bad auth : authentication failed
2024-05-27T04:51:09.437Z[ERROR]:bad auth : authentication failed
2024-05-27T04:51:15.880Z[ERROR]:bad auth : authentication failed
2024-05-27T04:51:44.478Z[INFO]:MongoDB connected....
2024-05-27T04:51:44.966Z[INFO]:Directory watch Task Started
2024-05-27T04:53:49.096Z[INFO]:MongoDB connected....
2024-05-27T04:53:49.503Z[INFO]:Directory watch Task Started
2024-05-27T05:05:48.703Z[INFO]:MongoDB connected....
2024-05-27T05:05:49.239Z[INFO]:Directory watch Task Started
2024-05-27T05:05:57.691Z[INFO]:MongoDB connected....
2024-05-27T05:05:58.367Z[INFO]:Directory watch Task Started
2024-05-27T05:06:14.726Z[INFO]:::1 - - [27/May/2024:05:06:14 +0000] "GET /favicon.ico HTTP/1.1" 404 150 "http://localhost:3000/" "Mozilla/5.0 (Windows NT 10.0; Win64; x64) AppleWebKit/537.36 (KHTML, like Gecko) Chrome/124.0.0.0 Safari/537.36"
2024-05-27T05:20:13.044Z[INFO]:Directory watch Task Started
2024-05-27T06:55:45.322Z[ERROR]:getaddrinfo ENOTFOUND ac-flg3fce-shard-00-00.n7mqs88.mongodb.net
2024-05-27T06:55:45.414Z[ERROR]:getaddrinfo ENOTFOUND ac-flg3fce-shard-00-00.n7mqs88.mongodb.net
2024-05-27T06:55:45.423Z[ERROR]:getaddrinfo ENOTFOUND ac-flg3fce-shard-00-00.n7mqs88.mongodb.net
2024-05-27T06:55:48.369Z[ERROR]:getaddrinfo ENOTFOUND ac-flg3fce-shard-00-00.n7mqs88.mongodb.net
2024-05-27T06:55:48.371Z[ERROR]:getaddrinfo ENOTFOUND ac-flg3fce-shard-00-00.n7mqs88.mongodb.net
2024-05-27T06:55:48.386Z[ERROR]:getaddrinfo ENOTFOUND ac-flg3fce-shard-00-00.n7mqs88.mongodb.net
2024-05-27T06:55:48.390Z[ERROR]:getaddrinfo ENOTFOUND ac-flg3fce-shard-00-00.n7mqs88.mongodb.net
2024-05-27T06:55:48.392Z[ERROR]:getaddrinfo ENOTFOUND ac-flg3fce-shard-00-00.n7mqs88.mongodb.net
2024-05-27T06:55:48.393Z[ERROR]:getaddrinfo ENOTFOUND ac-flg3fce-shard-00-00.n7mqs88.mongodb.net
2024-05-27T06:55:48.394Z[ERROR]:getaddrinfo ENOTFOUND ac-flg3fce-shard-00-00.n7mqs88.mongodb.net
2024-05-27T06:55:48.395Z[ERROR]:getaddrinfo ENOTFOUND ac-flg3fce-shard-00-00.n7mqs88.mongodb.net
2024-05-27T06:55:48.397Z[ERROR]:getaddrinfo ENOTFOUND ac-flg3fce-shard-00-00.n7mqs88.mongodb.net
2024-05-27T06:55:48.399Z[ERROR]:getaddrinfo ENOTFOUND ac-flg3fce-shard-00-00.n7mqs88.mongodb.net
2024-05-27T06:55:48.406Z[ERROR]:getaddrinfo ENOTFOUND ac-flg3fce-shard-00-00.n7mqs88.mongodb.net
2024-05-27T06:55:48.408Z[ERROR]:getaddrinfo ENOTFOUND ac-flg3fce-shard-00-00.n7mqs88.mongodb.net
2024-05-27T06:55:48.409Z[ERROR]:getaddrinfo ENOTFOUND ac-flg3fce-shard-00-00.n7mqs88.mongodb.net
2024-05-27T06:55:48.411Z[ERROR]:getaddrinfo ENOTFOUND ac-flg3fce-shard-00-00.n7mqs88.mongodb.net
2024-05-27T06:55:48.478Z[ERROR]:getaddrinfo ENOTFOUND ac-flg3fce-shard-00-00.n7mqs88.mongodb.net
2024-05-27T06:55:48.570Z[ERROR]:getaddrinfo ENOTFOUND ac-flg3fce-shard-00-00.n7mqs88.mongodb.net
2024-05-27T06:55:48.571Z[ERROR]:getaddrinfo ENOTFOUND ac-flg3fce-shard-00-00.n7mqs88.mongodb.net
2024-05-27T06:55:48.573Z[ERROR]:getaddrinfo ENOTFOUND ac-flg3fce-shard-00-00.n7mqs88.mongodb.net
2024-05-27T06:55:48.574Z[ERROR]:getaddrinfo ENOTFOUND ac-flg3fce-shard-00-00.n7mqs88.mongodb.net
2024-05-27T06:55:48.602Z[ERROR]:getaddrinfo ENOTFOUND ac-flg3fce-shard-00-00.n7mqs88.mongodb.net
2024-05-27T06:55:48.604Z[ERROR]:getaddrinfo ENOTFOUND ac-flg3fce-shard-00-00.n7mqs88.mongodb.net
2024-05-27T06:55:48.662Z[ERROR]:getaddrinfo ENOTFOUND ac-flg3fce-shard-00-00.n7mqs88.mongodb.net
2024-05-27T06:55:48.832Z[ERROR]:getaddrinfo ENOTFOUND ac-flg3fce-shard-00-00.n7mqs88.mongodb.net
2024-05-27T06:55:48.835Z[ERROR]:getaddrinfo ENOTFOUND ac-flg3fce-shard-00-00.n7mqs88.mongodb.net
2024-05-27T06:55:48.837Z[ERROR]:getaddrinfo ENOTFOUND ac-flg3fce-shard-00-00.n7mqs88.mongodb.net
2024-05-27T06:55:48.839Z[ERROR]:getaddrinfo ENOTFOUND ac-flg3fce-shard-00-00.n7mqs88.mongodb.net
2024-05-27T06:55:48.840Z[ERROR]:getaddrinfo ENOTFOUND ac-flg3fce-shard-00-00.n7mqs88.mongodb.net
2024-05-27T06:55:48.842Z[ERROR]:getaddrinfo ENOTFOUND ac-flg3fce-shard-00-00.n7mqs88.mongodb.net
2024-05-27T06:55:48.843Z[ERROR]:getaddrinfo ENOTFOUND ac-flg3fce-shard-00-00.n7mqs88.mongodb.net
2024-05-27T06:55:48.845Z[ERROR]:getaddrinfo ENOTFOUND ac-flg3fce-shard-00-00.n7mqs88.mongodb.net
2024-05-27T06:55:48.971Z[ERROR]:getaddrinfo ENOTFOUND ac-flg3fce-shard-00-00.n7mqs88.mongodb.net
2024-05-27T06:55:49.171Z[ERROR]:getaddrinfo ENOTFOUND ac-flg3fce-shard-00-00.n7mqs88.mongodb.net
2024-05-27T06:55:49.264Z[ERROR]:getaddrinfo ENOTFOUND ac-flg3fce-shard-00-00.n7mqs88.mongodb.net
2024-05-27T06:55:49.279Z[ERROR]:getaddrinfo ENOTFOUND ac-flg3fce-shard-00-00.n7mqs88.mongodb.net
2024-05-27T06:55:49.281Z[ERROR]:getaddrinfo ENOTFOUND ac-flg3fce-shard-00-00.n7mqs88.mongodb.net
2024-05-27T06:55:49.283Z[ERROR]:getaddrinfo ENOTFOUND ac-flg3fce-shard-00-00.n7mqs88.mongodb.net
2024-05-27T06:55:49.324Z[ERROR]:getaddrinfo ENOTFOUND ac-flg3fce-shard-00-00.n7mqs88.mongodb.net
2024-05-27T06:55:49.326Z[ERROR]:getaddrinfo ENOTFOUND ac-flg3fce-shard-00-00.n7mqs88.mongodb.net
2024-05-27T06:55:49.328Z[ERROR]:getaddrinfo ENOTFOUND ac-flg3fce-shard-00-00.n7mqs88.mongodb.net
2024-05-27T06:55:49.329Z[ERROR]:getaddrinfo ENOTFOUND ac-flg3fce-shard-00-00.n7mqs88.mongodb.net
2024-05-27T06:55:49.402Z[ERROR]:getaddrinfo ENOTFOUND ac-flg3fce-shard-00-00.n7mqs88.mongodb.net
2024-05-27T06:55:49.403Z[ERROR]:getaddrinfo ENOTFOUND ac-flg3fce-shard-00-00.n7mqs88.mongodb.net
2024-05-27T06:55:49.405Z[ERROR]:getaddrinfo ENOTFOUND ac-flg3fce-shard-00-00.n7mqs88.mongodb.net
2024-05-27T06:55:49.406Z[ERROR]:getaddrinfo ENOTFOUND ac-flg3fce-shard-00-00.n7mqs88.mongodb.net
2024-05-27T06:55:49.408Z[ERROR]:getaddrinfo ENOTFOUND ac-flg3fce-shard-00-00.n7mqs88.mongodb.net
2024-05-27T06:55:49.416Z[ERROR]:getaddrinfo ENOTFOUND ac-flg3fce-shard-00-00.n7mqs88.mongodb.net
2024-05-27T06:55:49.418Z[ERROR]:getaddrinfo ENOTFOUND ac-flg3fce-shard-00-00.n7mqs88.mongodb.net
2024-05-27T06:55:49.435Z[ERROR]:getaddrinfo ENOTFOUND ac-flg3fce-shard-00-00.n7mqs88.mongodb.net
2024-05-27T06:55:49.477Z[ERROR]:getaddrinfo ENOTFOUND ac-flg3fce-shard-00-00.n7mqs88.mongodb.net
2024-05-27T06:55:49.478Z[ERROR]:getaddrinfo ENOTFOUND ac-flg3fce-shard-00-00.n7mqs88.mongodb.net
2024-05-27T06:55:49.479Z[ERROR]:getaddrinfo ENOTFOUND ac-flg3fce-shard-00-00.n7mqs88.mongodb.net
2024-05-27T06:55:49.481Z[ERROR]:getaddrinfo ENOTFOUND ac-flg3fce-shard-00-00.n7mqs88.mongodb.net
2024-05-27T06:55:49.482Z[ERROR]:getaddrinfo ENOTFOUND ac-flg3fce-shard-00-00.n7mqs88.mongodb.net
2024-05-27T06:55:49.484Z[ERROR]:getaddrinfo ENOTFOUND ac-flg3fce-shard-00-00.n7mqs88.mongodb.net
2024-05-27T06:55:49.487Z[ERROR]:getaddrinfo ENOTFOUND ac-flg3fce-shard-00-00.n7mqs88.mongodb.net
2024-05-27T06:55:49.491Z[ERROR]:getaddrinfo ENOTFOUND ac-flg3fce-shard-00-00.n7mqs88.mongodb.net
2024-05-27T06:55:49.494Z[ERROR]:getaddrinfo ENOTFOUND ac-flg3fce-shard-00-00.n7mqs88.mongodb.net
2024-05-27T06:55:49.499Z[ERROR]:getaddrinfo ENOTFOUND ac-flg3fce-shard-00-00.n7mqs88.mongodb.net
2024-05-27T06:55:49.522Z[ERROR]:getaddrinfo ENOTFOUND ac-flg3fce-shard-00-00.n7mqs88.mongodb.net
2024-05-27T06:55:49.523Z[ERROR]:getaddrinfo ENOTFOUND ac-flg3fce-shard-00-00.n7mqs88.mongodb.net
2024-05-27T06:55:49.525Z[ERROR]:getaddrinfo ENOTFOUND ac-flg3fce-shard-00-00.n7mqs88.mongodb.net
2024-05-27T06:55:49.526Z[ERROR]:getaddrinfo ENOTFOUND ac-flg3fce-shard-00-00.n7mqs88.mongodb.net
2024-05-27T06:55:49.536Z[ERROR]:getaddrinfo ENOTFOUND ac-flg3fce-shard-00-00.n7mqs88.mongodb.net
2024-05-27T06:55:49.538Z[ERROR]:getaddrinfo ENOTFOUND ac-flg3fce-shard-00-00.n7mqs88.mongodb.net
2024-05-27T06:55:49.553Z[ERROR]:getaddrinfo ENOTFOUND ac-flg3fce-shard-00-00.n7mqs88.mongodb.net
2024-05-27T06:55:49.555Z[ERROR]:getaddrinfo ENOTFOUND ac-flg3fce-shard-00-00.n7mqs88.mongodb.net
2024-05-27T06:55:49.556Z[ERROR]:getaddrinfo ENOTFOUND ac-flg3fce-shard-00-00.n7mqs88.mongodb.net
2024-05-27T06:55:49.569Z[ERROR]:getaddrinfo ENOTFOUND ac-flg3fce-shard-00-00.n7mqs88.mongodb.net
2024-05-27T06:55:49.571Z[ERROR]:getaddrinfo ENOTFOUND ac-flg3fce-shard-00-00.n7mqs88.mongodb.net
2024-05-27T06:55:49.573Z[ERROR]:getaddrinfo ENOTFOUND ac-flg3fce-shard-00-00.n7mqs88.mongodb.net
2024-05-27T06:55:49.575Z[ERROR]:getaddrinfo ENOTFOUND ac-flg3fce-shard-00-00.n7mqs88.mongodb.net
2024-05-27T06:55:49.599Z[ERROR]:getaddrinfo ENOTFOUND ac-flg3fce-shard-00-00.n7mqs88.mongodb.net
2024-05-27T06:55:49.616Z[ERROR]:getaddrinfo ENOTFOUND ac-flg3fce-shard-00-00.n7mqs88.mongodb.net
2024-05-27T06:55:49.618Z[ERROR]:getaddrinfo ENOTFOUND ac-flg3fce-shard-00-00.n7mqs88.mongodb.net
2024-05-27T06:55:49.620Z[ERROR]:getaddrinfo ENOTFOUND ac-flg3fce-shard-00-00.n7mqs88.mongodb.net
2024-05-27T06:55:49.624Z[ERROR]:getaddrinfo ENOTFOUND ac-flg3fce-shard-00-00.n7mqs88.mongodb.net
2024-05-27T06:55:49.626Z[ERROR]:getaddrinfo ENOTFOUND ac-flg3fce-shard-00-00.n7mqs88.mongodb.net
2024-05-27T06:55:49.627Z[ERROR]:getaddrinfo ENOTFOUND ac-flg3fce-shard-00-00.n7mqs88.mongodb.net
2024-05-27T06:55:49.628Z[ERROR]:getaddrinfo ENOTFOUND ac-flg3fce-shard-00-00.n7mqs88.mongodb.net
2024-05-27T06:55:49.629Z[ERROR]:getaddrinfo ENOTFOUND ac-flg3fce-shard-00-00.n7mqs88.mongodb.net
2024-05-27T06:55:49.631Z[ERROR]:getaddrinfo ENOTFOUND ac-flg3fce-shard-00-00.n7mqs88.mongodb.net
2024-05-27T06:55:49.633Z[ERROR]:getaddrinfo ENOTFOUND ac-flg3fce-shard-00-00.n7mqs88.mongodb.net
2024-05-27T06:55:49.636Z[ERROR]:getaddrinfo ENOTFOUND ac-flg3fce-shard-00-00.n7mqs88.mongodb.net
2024-05-27T06:55:49.637Z[ERROR]:getaddrinfo ENOTFOUND ac-flg3fce-shard-00-00.n7mqs88.mongodb.net
2024-05-27T06:55:49.638Z[ERROR]:getaddrinfo ENOTFOUND ac-flg3fce-shard-00-00.n7mqs88.mongodb.net
2024-05-27T06:55:49.676Z[ERROR]:getaddrinfo ENOTFOUND ac-flg3fce-shard-00-00.n7mqs88.mongodb.net
2024-05-27T06:55:49.678Z[ERROR]:getaddrinfo ENOTFOUND ac-flg3fce-shard-00-00.n7mqs88.mongodb.net
2024-05-27T06:55:49.679Z[ERROR]:getaddrinfo ENOTFOUND ac-flg3fce-shard-00-00.n7mqs88.mongodb.net
2024-05-27T06:55:49.680Z[ERROR]:getaddrinfo ENOTFOUND ac-flg3fce-shard-00-00.n7mqs88.mongodb.net
2024-05-27T06:55:49.681Z[ERROR]:getaddrinfo ENOTFOUND ac-flg3fce-shard-00-00.n7mqs88.mongodb.net
2024-05-27T06:55:49.692Z[ERROR]:getaddrinfo ENOTFOUND ac-flg3fce-shard-00-00.n7mqs88.mongodb.net
2024-05-27T06:55:49.694Z[ERROR]:getaddrinfo ENOTFOUND ac-flg3fce-shard-00-00.n7mqs88.mongodb.net
2024-05-27T06:55:49.695Z[ERROR]:getaddrinfo ENOTFOUND ac-flg3fce-shard-00-00.n7mqs88.mongodb.net
2024-05-27T06:55:49.696Z[ERROR]:getaddrinfo ENOTFOUND ac-flg3fce-shard-00-00.n7mqs88.mongodb.net
2024-05-27T06:55:49.707Z[ERROR]:getaddrinfo ENOTFOUND ac-flg3fce-shard-00-00.n7mqs88.mongodb.net
2024-05-27T06:55:49.709Z[ERROR]:getaddrinfo ENOTFOUND ac-flg3fce-shard-00-00.n7mqs88.mongodb.net
2024-05-27T06:55:49.711Z[ERROR]:getaddrinfo ENOTFOUND ac-flg3fce-shard-00-00.n7mqs88.mongodb.net
2024-05-27T06:55:49.712Z[ERROR]:getaddrinfo ENOTFOUND ac-flg3fce-shard-00-00.n7mqs88.mongodb.net
2024-05-27T06:55:49.714Z[ERROR]:getaddrinfo ENOTFOUND ac-flg3fce-shard-00-00.n7mqs88.mongodb.net
2024-05-27T06:55:49.716Z[ERROR]:getaddrinfo ENOTFOUND ac-flg3fce-shard-00-00.n7mqs88.mongodb.net
2024-05-27T06:55:49.718Z[ERROR]:getaddrinfo ENOTFOUND ac-flg3fce-shard-00-00.n7mqs88.mongodb.net
2024-05-27T06:55:49.722Z[ERROR]:getaddrinfo ENOTFOUND ac-flg3fce-shard-00-00.n7mqs88.mongodb.net
2024-05-27T06:55:49.738Z[ERROR]:getaddrinfo ENOTFOUND ac-flg3fce-shard-00-00.n7mqs88.mongodb.net
2024-05-27T06:55:49.740Z[ERROR]:getaddrinfo ENOTFOUND ac-flg3fce-shard-00-00.n7mqs88.mongodb.net
2024-05-27T06:55:49.742Z[ERROR]:getaddrinfo ENOTFOUND ac-flg3fce-shard-00-00.n7mqs88.mongodb.net
2024-05-27T06:55:49.744Z[ERROR]:getaddrinfo ENOTFOUND ac-flg3fce-shard-00-00.n7mqs88.mongodb.net
2024-05-27T06:55:49.745Z[ERROR]:getaddrinfo ENOTFOUND ac-flg3fce-shard-00-00.n7mqs88.mongodb.net
2024-05-27T06:55:49.747Z[ERROR]:getaddrinfo ENOTFOUND ac-flg3fce-shard-00-00.n7mqs88.mongodb.net
2024-05-27T06:55:49.749Z[ERROR]:getaddrinfo ENOTFOUND ac-flg3fce-shard-00-00.n7mqs88.mongodb.net
2024-05-27T06:55:49.751Z[ERROR]:getaddrinfo ENOTFOUND ac-flg3fce-shard-00-00.n7mqs88.mongodb.net
2024-05-27T06:55:49.753Z[ERROR]:getaddrinfo ENOTFOUND ac-flg3fce-shard-00-00.n7mqs88.mongodb.net
2024-05-27T06:55:49.757Z[ERROR]:getaddrinfo ENOTFOUND ac-flg3fce-shard-00-00.n7mqs88.mongodb.net
2024-05-27T06:55:49.759Z[ERROR]:getaddrinfo ENOTFOUND ac-flg3fce-shard-00-00.n7mqs88.mongodb.net
2024-05-27T06:55:49.760Z[ERROR]:getaddrinfo ENOTFOUND ac-flg3fce-shard-00-00.n7mqs88.mongodb.net
2024-05-27T06:55:49.761Z[ERROR]:getaddrinfo ENOTFOUND ac-flg3fce-shard-00-00.n7mqs88.mongodb.net
2024-05-27T06:55:49.763Z[ERROR]:getaddrinfo ENOTFOUND ac-flg3fce-shard-00-00.n7mqs88.mongodb.net
2024-05-27T06:55:49.764Z[ERROR]:getaddrinfo ENOTFOUND ac-flg3fce-shard-00-00.n7mqs88.mongodb.net
2024-05-27T06:55:49.766Z[ERROR]:getaddrinfo ENOTFOUND ac-flg3fce-shard-00-00.n7mqs88.mongodb.net
2024-05-27T06:55:49.770Z[ERROR]:getaddrinfo ENOTFOUND ac-flg3fce-shard-00-00.n7mqs88.mongodb.net
2024-05-27T06:55:49.771Z[ERROR]:getaddrinfo ENOTFOUND ac-flg3fce-shard-00-00.n7mqs88.mongodb.net
2024-05-27T06:55:49.773Z[ERROR]:getaddrinfo ENOTFOUND ac-flg3fce-shard-00-00.n7mqs88.mongodb.net
2024-05-27T06:55:49.788Z[ERROR]:getaddrinfo ENOTFOUND ac-flg3fce-shard-00-00.n7mqs88.mongodb.net
2024-05-27T06:55:49.790Z[ERROR]:getaddrinfo ENOTFOUND ac-flg3fce-shard-00-00.n7mqs88.mongodb.net
2024-05-27T06:55:49.815Z[ERROR]:getaddrinfo ENOTFOUND ac-flg3fce-shard-00-00.n7mqs88.mongodb.net
2024-05-27T06:55:49.818Z[ERROR]:getaddrinfo ENOTFOUND ac-flg3fce-shard-00-00.n7mqs88.mongodb.net
2024-05-27T06:55:49.820Z[ERROR]:getaddrinfo ENOTFOUND ac-flg3fce-shard-00-00.n7mqs88.mongodb.net
2024-05-27T06:55:49.823Z[ERROR]:getaddrinfo ENOTFOUND ac-flg3fce-shard-00-00.n7mqs88.mongodb.net
2024-05-27T06:55:49.827Z[ERROR]:getaddrinfo ENOTFOUND ac-flg3fce-shard-00-00.n7mqs88.mongodb.net
2024-05-27T06:55:49.829Z[ERROR]:getaddrinfo ENOTFOUND ac-flg3fce-shard-00-00.n7mqs88.mongodb.net
2024-05-27T06:55:49.832Z[ERROR]:getaddrinfo ENOTFOUND ac-flg3fce-shard-00-00.n7mqs88.mongodb.net
2024-05-27T06:55:49.835Z[ERROR]:getaddrinfo ENOTFOUND ac-flg3fce-shard-00-00.n7mqs88.mongodb.net
2024-05-27T06:55:49.837Z[ERROR]:getaddrinfo ENOTFOUND ac-flg3fce-shard-00-00.n7mqs88.mongodb.net
2024-05-27T06:55:49.841Z[ERROR]:getaddrinfo ENOTFOUND ac-flg3fce-shard-00-00.n7mqs88.mongodb.net
2024-05-27T06:55:49.843Z[ERROR]:getaddrinfo ENOTFOUND ac-flg3fce-shard-00-00.n7mqs88.mongodb.net
2024-05-27T06:55:49.845Z[ERROR]:getaddrinfo ENOTFOUND ac-flg3fce-shard-00-00.n7mqs88.mongodb.net
2024-05-27T06:55:49.848Z[ERROR]:getaddrinfo ENOTFOUND ac-flg3fce-shard-00-00.n7mqs88.mongodb.net
2024-05-27T06:55:49.851Z[ERROR]:getaddrinfo ENOTFOUND ac-flg3fce-shard-00-00.n7mqs88.mongodb.net
2024-05-27T06:55:49.853Z[ERROR]:getaddrinfo ENOTFOUND ac-flg3fce-shard-00-00.n7mqs88.mongodb.net
2024-05-27T06:55:49.855Z[ERROR]:getaddrinfo ENOTFOUND ac-flg3fce-shard-00-00.n7mqs88.mongodb.net
2024-05-27T06:55:49.859Z[ERROR]:getaddrinfo ENOTFOUND ac-flg3fce-shard-00-00.n7mqs88.mongodb.net
2024-05-27T06:55:49.861Z[ERROR]:getaddrinfo ENOTFOUND ac-flg3fce-shard-00-00.n7mqs88.mongodb.net
2024-05-27T06:55:49.864Z[ERROR]:getaddrinfo ENOTFOUND ac-flg3fce-shard-00-00.n7mqs88.mongodb.net
2024-05-27T06:55:49.866Z[ERROR]:getaddrinfo ENOTFOUND ac-flg3fce-shard-00-00.n7mqs88.mongodb.net
2024-05-27T06:55:49.869Z[ERROR]:getaddrinfo ENOTFOUND ac-flg3fce-shard-00-00.n7mqs88.mongodb.net
2024-05-27T06:55:49.872Z[ERROR]:getaddrinfo ENOTFOUND ac-flg3fce-shard-00-00.n7mqs88.mongodb.net
2024-05-27T06:55:49.874Z[ERROR]:getaddrinfo ENOTFOUND ac-flg3fce-shard-00-00.n7mqs88.mongodb.net
2024-05-27T06:55:49.923Z[ERROR]:getaddrinfo ENOTFOUND ac-flg3fce-shard-00-00.n7mqs88.mongodb.net
2024-05-27T06:55:49.925Z[ERROR]:getaddrinfo ENOTFOUND ac-flg3fce-shard-00-00.n7mqs88.mongodb.net
2024-05-27T06:55:49.926Z[ERROR]:getaddrinfo ENOTFOUND ac-flg3fce-shard-00-00.n7mqs88.mongodb.net
2024-05-27T06:55:49.928Z[ERROR]:getaddrinfo ENOTFOUND ac-flg3fce-shard-00-00.n7mqs88.mongodb.net
2024-05-27T06:55:49.929Z[ERROR]:getaddrinfo ENOTFOUND ac-flg3fce-shard-00-00.n7mqs88.mongodb.net
2024-05-27T06:55:49.938Z[ERROR]:getaddrinfo ENOTFOUND ac-flg3fce-shard-00-00.n7mqs88.mongodb.net
2024-05-27T06:55:49.939Z[ERROR]:getaddrinfo ENOTFOUND ac-flg3fce-shard-00-00.n7mqs88.mongodb.net
2024-05-27T06:55:49.940Z[ERROR]:getaddrinfo ENOTFOUND ac-flg3fce-shard-00-00.n7mqs88.mongodb.net
2024-05-27T06:55:49.941Z[ERROR]:getaddrinfo ENOTFOUND ac-flg3fce-shard-00-00.n7mqs88.mongodb.net
2024-05-27T06:55:49.942Z[ERROR]:getaddrinfo ENOTFOUND ac-flg3fce-shard-00-00.n7mqs88.mongodb.net
2024-05-27T06:55:49.944Z[ERROR]:getaddrinfo ENOTFOUND ac-flg3fce-shard-00-00.n7mqs88.mongodb.net
2024-05-27T06:55:49.945Z[ERROR]:getaddrinfo ENOTFOUND ac-flg3fce-shard-00-00.n7mqs88.mongodb.net
2024-05-27T06:55:49.946Z[ERROR]:getaddrinfo ENOTFOUND ac-flg3fce-shard-00-00.n7mqs88.mongodb.net
2024-05-27T06:55:49.959Z[ERROR]:getaddrinfo ENOTFOUND ac-flg3fce-shard-00-00.n7mqs88.mongodb.net
2024-05-27T06:55:49.960Z[ERROR]:getaddrinfo ENOTFOUND ac-flg3fce-shard-00-00.n7mqs88.mongodb.net
2024-05-27T06:55:49.962Z[ERROR]:getaddrinfo ENOTFOUND ac-flg3fce-shard-00-00.n7mqs88.mongodb.net
2024-05-27T06:55:49.963Z[ERROR]:getaddrinfo ENOTFOUND ac-flg3fce-shard-00-00.n7mqs88.mongodb.net
2024-05-27T06:55:49.965Z[ERROR]:getaddrinfo ENOTFOUND ac-flg3fce-shard-00-00.n7mqs88.mongodb.net
2024-05-27T06:55:49.986Z[ERROR]:getaddrinfo ENOTFOUND ac-flg3fce-shard-00-00.n7mqs88.mongodb.net
2024-05-27T06:55:50.003Z[ERROR]:getaddrinfo ENOTFOUND ac-flg3fce-shard-00-00.n7mqs88.mongodb.net
2024-05-27T06:55:50.031Z[ERROR]:getaddrinfo ENOTFOUND ac-flg3fce-shard-00-00.n7mqs88.mongodb.net
2024-05-27T06:55:50.047Z[ERROR]:getaddrinfo ENOTFOUND ac-flg3fce-shard-00-00.n7mqs88.mongodb.net
2024-05-27T06:55:50.050Z[ERROR]:getaddrinfo ENOTFOUND ac-flg3fce-shard-00-00.n7mqs88.mongodb.net
2024-05-27T06:55:50.052Z[ERROR]:getaddrinfo ENOTFOUND ac-flg3fce-shard-00-00.n7mqs88.mongodb.net
2024-05-27T06:55:50.054Z[ERROR]:getaddrinfo ENOTFOUND ac-flg3fce-shard-00-00.n7mqs88.mongodb.net
2024-05-27T06:55:50.058Z[ERROR]:getaddrinfo ENOTFOUND ac-flg3fce-shard-00-00.n7mqs88.mongodb.net
2024-05-27T06:55:50.060Z[ERROR]:getaddrinfo ENOTFOUND ac-flg3fce-shard-00-00.n7mqs88.mongodb.net
2024-05-27T06:55:50.062Z[ERROR]:getaddrinfo ENOTFOUND ac-flg3fce-shard-00-00.n7mqs88.mongodb.net
2024-05-27T06:55:50.063Z[ERROR]:getaddrinfo ENOTFOUND ac-flg3fce-shard-00-00.n7mqs88.mongodb.net
2024-05-27T06:55:50.065Z[ERROR]:getaddrinfo ENOTFOUND ac-flg3fce-shard-00-00.n7mqs88.mongodb.net
2024-05-27T06:55:50.066Z[ERROR]:getaddrinfo ENOTFOUND ac-flg3fce-shard-00-00.n7mqs88.mongodb.net
2024-05-27T06:55:50.092Z[ERROR]:getaddrinfo ENOTFOUND ac-flg3fce-shard-00-00.n7mqs88.mongodb.net
2024-05-27T06:55:50.094Z[ERROR]:getaddrinfo ENOTFOUND ac-flg3fce-shard-00-00.n7mqs88.mongodb.net
2024-05-27T06:55:50.095Z[ERROR]:getaddrinfo ENOTFOUND ac-flg3fce-shard-00-00.n7mqs88.mongodb.net
2024-05-27T06:55:50.097Z[ERROR]:getaddrinfo ENOTFOUND ac-flg3fce-shard-00-00.n7mqs88.mongodb.net
2024-05-27T06:55:50.099Z[ERROR]:getaddrinfo ENOTFOUND ac-flg3fce-shard-00-00.n7mqs88.mongodb.net
2024-05-27T06:55:50.186Z[ERROR]:getaddrinfo ENOTFOUND ac-flg3fce-shard-00-00.n7mqs88.mongodb.net
2024-05-27T06:55:50.201Z[ERROR]:getaddrinfo ENOTFOUND ac-flg3fce-shard-00-00.n7mqs88.mongodb.net
2024-05-27T06:55:50.203Z[ERROR]:getaddrinfo ENOTFOUND ac-flg3fce-shard-00-00.n7mqs88.mongodb.net
2024-05-27T06:55:50.231Z[ERROR]:getaddrinfo ENOTFOUND ac-flg3fce-shard-00-00.n7mqs88.mongodb.net
2024-05-27T06:55:50.262Z[ERROR]:getaddrinfo ENOTFOUND ac-flg3fce-shard-00-00.n7mqs88.mongodb.net
2024-05-27T06:55:50.265Z[ERROR]:getaddrinfo ENOTFOUND ac-flg3fce-shard-00-00.n7mqs88.mongodb.net
2024-05-27T06:55:50.267Z[ERROR]:getaddrinfo ENOTFOUND ac-flg3fce-shard-00-00.n7mqs88.mongodb.net
2024-05-27T06:55:50.278Z[ERROR]:getaddrinfo ENOTFOUND ac-flg3fce-shard-00-00.n7mqs88.mongodb.net
2024-05-27T06:55:50.308Z[ERROR]:getaddrinfo ENOTFOUND ac-flg3fce-shard-00-00.n7mqs88.mongodb.net
2024-05-27T06:55:50.309Z[ERROR]:getaddrinfo ENOTFOUND ac-flg3fce-shard-00-00.n7mqs88.mongodb.net
2024-05-27T06:55:50.310Z[ERROR]:getaddrinfo ENOTFOUND ac-flg3fce-shard-00-00.n7mqs88.mongodb.net
2024-05-27T06:55:50.311Z[ERROR]:getaddrinfo ENOTFOUND ac-flg3fce-shard-00-00.n7mqs88.mongodb.net
2024-05-27T06:55:50.323Z[ERROR]:getaddrinfo ENOTFOUND ac-flg3fce-shard-00-00.n7mqs88.mongodb.net
2024-05-27T06:55:50.324Z[ERROR]:getaddrinfo ENOTFOUND ac-flg3fce-shard-00-00.n7mqs88.mongodb.net
2024-05-27T06:55:50.326Z[ERROR]:getaddrinfo ENOTFOUND ac-flg3fce-shard-00-00.n7mqs88.mongodb.net
2024-05-27T06:55:50.339Z[ERROR]:getaddrinfo ENOTFOUND ac-flg3fce-shard-00-00.n7mqs88.mongodb.net
2024-05-27T06:55:50.354Z[ERROR]:getaddrinfo ENOTFOUND ac-flg3fce-shard-00-00.n7mqs88.mongodb.net
2024-05-27T06:55:50.356Z[ERROR]:getaddrinfo ENOTFOUND ac-flg3fce-shard-00-00.n7mqs88.mongodb.net
2024-05-27T06:55:50.357Z[ERROR]:getaddrinfo ENOTFOUND ac-flg3fce-shard-00-00.n7mqs88.mongodb.net
2024-05-27T06:55:50.387Z[ERROR]:getaddrinfo ENOTFOUND ac-flg3fce-shard-00-00.n7mqs88.mongodb.net
2024-05-27T06:55:50.400Z[ERROR]:getaddrinfo ENOTFOUND ac-flg3fce-shard-00-00.n7mqs88.mongodb.net
2024-05-27T06:55:50.402Z[ERROR]:getaddrinfo ENOTFOUND ac-flg3fce-shard-00-00.n7mqs88.mongodb.net
2024-05-27T06:55:50.415Z[ERROR]:getaddrinfo ENOTFOUND ac-flg3fce-shard-00-00.n7mqs88.mongodb.net
2024-05-27T06:55:50.417Z[ERROR]:getaddrinfo ENOTFOUND ac-flg3fce-shard-00-00.n7mqs88.mongodb.net
2024-05-27T06:55:50.420Z[ERROR]:getaddrinfo ENOTFOUND ac-flg3fce-shard-00-00.n7mqs88.mongodb.net
2024-05-27T06:55:50.432Z[ERROR]:getaddrinfo ENOTFOUND ac-flg3fce-shard-00-00.n7mqs88.mongodb.net
2024-05-27T06:55:50.434Z[ERROR]:getaddrinfo ENOTFOUND ac-flg3fce-shard-00-00.n7mqs88.mongodb.net
2024-05-27T06:55:50.462Z[ERROR]:getaddrinfo ENOTFOUND ac-flg3fce-shard-00-00.n7mqs88.mongodb.net
2024-05-27T06:55:50.465Z[ERROR]:getaddrinfo ENOTFOUND ac-flg3fce-shard-00-00.n7mqs88.mongodb.net
2024-05-27T06:55:50.468Z[ERROR]:getaddrinfo ENOTFOUND ac-flg3fce-shard-00-00.n7mqs88.mongodb.net
2024-05-27T06:55:50.487Z[ERROR]:getaddrinfo ENOTFOUND ac-flg3fce-shard-00-00.n7mqs88.mongodb.net
2024-05-27T06:55:50.507Z[ERROR]:getaddrinfo ENOTFOUND ac-flg3fce-shard-00-00.n7mqs88.mongodb.net
2024-05-27T06:55:50.510Z[ERROR]:getaddrinfo ENOTFOUND ac-flg3fce-shard-00-00.n7mqs88.mongodb.net
2024-05-27T06:55:50.511Z[ERROR]:getaddrinfo ENOTFOUND ac-flg3fce-shard-00-00.n7mqs88.mongodb.net
2024-05-27T06:55:50.512Z[ERROR]:getaddrinfo ENOTFOUND ac-flg3fce-shard-00-00.n7mqs88.mongodb.net
2024-05-27T06:55:50.514Z[ERROR]:getaddrinfo ENOTFOUND ac-flg3fce-shard-00-00.n7mqs88.mongodb.net
2024-05-27T06:55:50.521Z[ERROR]:getaddrinfo ENOTFOUND ac-flg3fce-shard-00-00.n7mqs88.mongodb.net
2024-05-27T06:55:50.524Z[ERROR]:getaddrinfo ENOTFOUND ac-flg3fce-shard-00-00.n7mqs88.mongodb.net
2024-05-27T06:55:50.525Z[ERROR]:getaddrinfo ENOTFOUND ac-flg3fce-shard-00-00.n7mqs88.mongodb.net
2024-05-27T06:55:50.526Z[ERROR]:getaddrinfo ENOTFOUND ac-flg3fce-shard-00-00.n7mqs88.mongodb.net
2024-05-27T06:55:50.528Z[ERROR]:getaddrinfo ENOTFOUND ac-flg3fce-shard-00-00.n7mqs88.mongodb.net
2024-05-27T06:55:50.529Z[ERROR]:getaddrinfo ENOTFOUND ac-flg3fce-shard-00-00.n7mqs88.mongodb.net
2024-05-27T06:55:50.530Z[ERROR]:getaddrinfo ENOTFOUND ac-flg3fce-shard-00-00.n7mqs88.mongodb.net
2024-05-27T06:55:50.532Z[ERROR]:getaddrinfo ENOTFOUND ac-flg3fce-shard-00-00.n7mqs88.mongodb.net
2024-05-27T06:55:50.536Z[ERROR]:getaddrinfo ENOTFOUND ac-flg3fce-shard-00-00.n7mqs88.mongodb.net
2024-05-27T06:55:50.537Z[ERROR]:getaddrinfo ENOTFOUND ac-flg3fce-shard-00-00.n7mqs88.mongodb.net
2024-05-27T06:55:50.539Z[ERROR]:getaddrinfo ENOTFOUND ac-flg3fce-shard-00-00.n7mqs88.mongodb.net
2024-05-27T06:55:50.540Z[ERROR]:getaddrinfo ENOTFOUND ac-flg3fce-shard-00-00.n7mqs88.mongodb.net
2024-05-27T06:55:50.541Z[ERROR]:getaddrinfo ENOTFOUND ac-flg3fce-shard-00-00.n7mqs88.mongodb.net
2024-05-27T06:55:50.542Z[ERROR]:getaddrinfo ENOTFOUND ac-flg3fce-shard-00-00.n7mqs88.mongodb.net
2024-05-27T06:55:50.543Z[ERROR]:getaddrinfo ENOTFOUND ac-flg3fce-shard-00-00.n7mqs88.mongodb.net
2024-05-27T06:55:50.545Z[ERROR]:getaddrinfo ENOTFOUND ac-flg3fce-shard-00-00.n7mqs88.mongodb.net
2024-05-27T06:55:50.546Z[ERROR]:getaddrinfo ENOTFOUND ac-flg3fce-shard-00-00.n7mqs88.mongodb.net
2024-05-27T06:55:50.547Z[ERROR]:getaddrinfo ENOTFOUND ac-flg3fce-shard-00-00.n7mqs88.mongodb.net
2024-05-27T06:55:50.549Z[ERROR]:getaddrinfo ENOTFOUND ac-flg3fce-shard-00-00.n7mqs88.mongodb.net
2024-05-27T06:55:50.550Z[ERROR]:getaddrinfo ENOTFOUND ac-flg3fce-shard-00-00.n7mqs88.mongodb.net
2024-05-27T06:55:50.552Z[ERROR]:getaddrinfo ENOTFOUND ac-flg3fce-shard-00-00.n7mqs88.mongodb.net
2024-05-27T06:55:50.557Z[ERROR]:getaddrinfo ENOTFOUND ac-flg3fce-shard-00-00.n7mqs88.mongodb.net
2024-05-27T06:55:50.587Z[ERROR]:getaddrinfo ENOTFOUND ac-flg3fce-shard-00-00.n7mqs88.mongodb.net
2024-05-27T06:55:50.589Z[ERROR]:getaddrinfo ENOTFOUND ac-flg3fce-shard-00-00.n7mqs88.mongodb.net
2024-05-27T06:55:50.591Z[ERROR]:getaddrinfo ENOTFOUND ac-flg3fce-shard-00-00.n7mqs88.mongodb.net
2024-05-27T06:55:50.592Z[ERROR]:getaddrinfo ENOTFOUND ac-flg3fce-shard-00-00.n7mqs88.mongodb.net
2024-05-27T06:55:50.593Z[ERROR]:getaddrinfo ENOTFOUND ac-flg3fce-shard-00-00.n7mqs88.mongodb.net
2024-05-27T06:55:50.594Z[ERROR]:getaddrinfo ENOTFOUND ac-flg3fce-shard-00-00.n7mqs88.mongodb.net
2024-05-27T06:55:50.596Z[ERROR]:getaddrinfo ENOTFOUND ac-flg3fce-shard-00-00.n7mqs88.mongodb.net
2024-05-27T06:55:50.597Z[ERROR]:getaddrinfo ENOTFOUND ac-flg3fce-shard-00-00.n7mqs88.mongodb.net
2024-05-27T06:55:50.600Z[ERROR]:getaddrinfo ENOTFOUND ac-flg3fce-shard-00-00.n7mqs88.mongodb.net
2024-05-27T06:55:50.603Z[ERROR]:getaddrinfo ENOTFOUND ac-flg3fce-shard-00-00.n7mqs88.mongodb.net
2024-05-27T06:55:50.605Z[ERROR]:getaddrinfo ENOTFOUND ac-flg3fce-shard-00-00.n7mqs88.mongodb.net
2024-05-27T06:55:50.606Z[ERROR]:getaddrinfo ENOTFOUND ac-flg3fce-shard-00-00.n7mqs88.mongodb.net
2024-05-27T06:55:50.607Z[ERROR]:getaddrinfo ENOTFOUND ac-flg3fce-shard-00-00.n7mqs88.mongodb.net
2024-05-27T06:55:50.609Z[ERROR]:getaddrinfo ENOTFOUND ac-flg3fce-shard-00-00.n7mqs88.mongodb.net
2024-05-27T06:55:50.610Z[ERROR]:getaddrinfo ENOTFOUND ac-flg3fce-shard-00-00.n7mqs88.mongodb.net
2024-05-27T06:55:50.611Z[ERROR]:getaddrinfo ENOTFOUND ac-flg3fce-shard-00-00.n7mqs88.mongodb.net
2024-05-27T06:55:50.612Z[ERROR]:getaddrinfo ENOTFOUND ac-flg3fce-shard-00-00.n7mqs88.mongodb.net
2024-05-27T06:55:50.614Z[ERROR]:getaddrinfo ENOTFOUND ac-flg3fce-shard-00-00.n7mqs88.mongodb.net
2024-05-27T06:55:50.616Z[ERROR]:getaddrinfo ENOTFOUND ac-flg3fce-shard-00-00.n7mqs88.mongodb.net
2024-05-27T06:55:50.618Z[ERROR]:getaddrinfo ENOTFOUND ac-flg3fce-shard-00-00.n7mqs88.mongodb.net
2024-05-27T06:55:50.620Z[ERROR]:getaddrinfo ENOTFOUND ac-flg3fce-shard-00-00.n7mqs88.mongodb.net
2024-05-27T06:55:50.622Z[ERROR]:getaddrinfo ENOTFOUND ac-flg3fce-shard-00-00.n7mqs88.mongodb.net
2024-05-27T06:55:50.624Z[ERROR]:getaddrinfo ENOTFOUND ac-flg3fce-shard-00-00.n7mqs88.mongodb.net
2024-05-27T06:55:50.625Z[ERROR]:getaddrinfo ENOTFOUND ac-flg3fce-shard-00-00.n7mqs88.mongodb.net
2024-05-27T06:55:50.626Z[ERROR]:getaddrinfo ENOTFOUND ac-flg3fce-shard-00-00.n7mqs88.mongodb.net
2024-05-27T06:55:50.627Z[ERROR]:getaddrinfo ENOTFOUND ac-flg3fce-shard-00-00.n7mqs88.mongodb.net
2024-05-27T06:55:50.640Z[ERROR]:getaddrinfo ENOTFOUND ac-flg3fce-shard-00-00.n7mqs88.mongodb.net
2024-05-27T06:55:50.642Z[ERROR]:getaddrinfo ENOTFOUND ac-flg3fce-shard-00-00.n7mqs88.mongodb.net
2024-05-27T06:55:50.643Z[ERROR]:getaddrinfo ENOTFOUND ac-flg3fce-shard-00-00.n7mqs88.mongodb.net
2024-05-27T06:55:50.645Z[ERROR]:getaddrinfo ENOTFOUND ac-flg3fce-shard-00-00.n7mqs88.mongodb.net
2024-05-27T06:55:50.647Z[ERROR]:getaddrinfo ENOTFOUND ac-flg3fce-shard-00-00.n7mqs88.mongodb.net
2024-05-27T06:55:50.649Z[ERROR]:getaddrinfo ENOTFOUND ac-flg3fce-shard-00-00.n7mqs88.mongodb.net
2024-05-27T06:55:50.650Z[ERROR]:getaddrinfo ENOTFOUND ac-flg3fce-shard-00-00.n7mqs88.mongodb.net
2024-05-27T06:55:50.653Z[ERROR]:getaddrinfo ENOTFOUND ac-flg3fce-shard-00-00.n7mqs88.mongodb.net
2024-05-27T06:55:50.657Z[ERROR]:getaddrinfo ENOTFOUND ac-flg3fce-shard-00-00.n7mqs88.mongodb.net
2024-05-27T06:55:50.659Z[ERROR]:getaddrinfo ENOTFOUND ac-flg3fce-shard-00-00.n7mqs88.mongodb.net
2024-05-27T06:55:50.662Z[ERROR]:getaddrinfo ENOTFOUND ac-flg3fce-shard-00-00.n7mqs88.mongodb.net
2024-05-27T06:55:50.664Z[ERROR]:getaddrinfo ENOTFOUND ac-flg3fce-shard-00-00.n7mqs88.mongodb.net
2024-05-27T06:55:50.666Z[ERROR]:getaddrinfo ENOTFOUND ac-flg3fce-shard-00-00.n7mqs88.mongodb.net
2024-05-27T06:55:50.668Z[ERROR]:getaddrinfo ENOTFOUND ac-flg3fce-shard-00-00.n7mqs88.mongodb.net
2024-05-27T06:55:50.670Z[ERROR]:getaddrinfo ENOTFOUND ac-flg3fce-shard-00-00.n7mqs88.mongodb.net
2024-05-27T06:55:50.672Z[ERROR]:getaddrinfo ENOTFOUND ac-flg3fce-shard-00-00.n7mqs88.mongodb.net
2024-05-27T06:55:50.673Z[ERROR]:getaddrinfo ENOTFOUND ac-flg3fce-shard-00-00.n7mqs88.mongodb.net
2024-05-27T06:55:50.675Z[ERROR]:getaddrinfo ENOTFOUND ac-flg3fce-shard-00-00.n7mqs88.mongodb.net
2024-05-27T06:55:50.676Z[ERROR]:getaddrinfo ENOTFOUND ac-flg3fce-shard-00-00.n7mqs88.mongodb.net
2024-05-27T06:55:50.677Z[ERROR]:getaddrinfo ENOTFOUND ac-flg3fce-shard-00-00.n7mqs88.mongodb.net
2024-05-27T06:55:50.679Z[ERROR]:getaddrinfo ENOTFOUND ac-flg3fce-shard-00-00.n7mqs88.mongodb.net
2024-05-27T06:55:50.681Z[ERROR]:getaddrinfo ENOTFOUND ac-flg3fce-shard-00-00.n7mqs88.mongodb.net
2024-05-27T06:55:50.682Z[ERROR]:getaddrinfo ENOTFOUND ac-flg3fce-shard-00-00.n7mqs88.mongodb.net
2024-05-27T06:55:50.684Z[ERROR]:getaddrinfo ENOTFOUND ac-flg3fce-shard-00-00.n7mqs88.mongodb.net
2024-05-27T06:55:50.687Z[ERROR]:getaddrinfo ENOTFOUND ac-flg3fce-shard-00-00.n7mqs88.mongodb.net
2024-05-27T06:55:50.689Z[ERROR]:getaddrinfo ENOTFOUND ac-flg3fce-shard-00-00.n7mqs88.mongodb.net
2024-05-27T06:55:50.690Z[ERROR]:getaddrinfo ENOTFOUND ac-flg3fce-shard-00-00.n7mqs88.mongodb.net
2024-05-27T06:55:50.706Z[ERROR]:getaddrinfo ENOTFOUND ac-flg3fce-shard-00-00.n7mqs88.mongodb.net
2024-05-27T06:55:50.813Z[ERROR]:getaddrinfo ENOTFOUND ac-flg3fce-shard-00-00.n7mqs88.mongodb.net
2024-05-27T06:55:50.815Z[ERROR]:getaddrinfo ENOTFOUND ac-flg3fce-shard-00-00.n7mqs88.mongodb.net
2024-05-27T06:55:50.828Z[ERROR]:getaddrinfo ENOTFOUND ac-flg3fce-shard-00-00.n7mqs88.mongodb.net
2024-05-27T06:55:50.829Z[ERROR]:getaddrinfo ENOTFOUND ac-flg3fce-shard-00-00.n7mqs88.mongodb.net
2024-05-27T06:55:50.830Z[ERROR]:getaddrinfo ENOTFOUND ac-flg3fce-shard-00-00.n7mqs88.mongodb.net
2024-05-27T06:55:50.832Z[ERROR]:getaddrinfo ENOTFOUND ac-flg3fce-shard-00-00.n7mqs88.mongodb.net
2024-05-27T06:55:50.843Z[ERROR]:getaddrinfo ENOTFOUND ac-flg3fce-shard-00-00.n7mqs88.mongodb.net
2024-05-27T06:55:50.845Z[ERROR]:getaddrinfo ENOTFOUND ac-flg3fce-shard-00-00.n7mqs88.mongodb.net
2024-05-27T06:55:50.846Z[ERROR]:getaddrinfo ENOTFOUND ac-flg3fce-shard-00-00.n7mqs88.mongodb.net
2024-05-27T06:55:50.848Z[ERROR]:getaddrinfo ENOTFOUND ac-flg3fce-shard-00-00.n7mqs88.mongodb.net
2024-05-27T06:55:50.849Z[ERROR]:getaddrinfo ENOTFOUND ac-flg3fce-shard-00-00.n7mqs88.mongodb.net
2024-05-27T06:55:50.851Z[ERROR]:getaddrinfo ENOTFOUND ac-flg3fce-shard-00-00.n7mqs88.mongodb.net
2024-05-27T06:55:50.854Z[ERROR]:getaddrinfo ENOTFOUND ac-flg3fce-shard-00-00.n7mqs88.mongodb.net
2024-05-27T06:55:50.855Z[ERROR]:getaddrinfo ENOTFOUND ac-flg3fce-shard-00-00.n7mqs88.mongodb.net
2024-05-27T06:55:50.856Z[ERROR]:getaddrinfo ENOTFOUND ac-flg3fce-shard-00-00.n7mqs88.mongodb.net
2024-05-27T06:55:50.857Z[ERROR]:getaddrinfo ENOTFOUND ac-flg3fce-shard-00-00.n7mqs88.mongodb.net
2024-05-27T06:55:50.874Z[ERROR]:getaddrinfo ENOTFOUND ac-flg3fce-shard-00-00.n7mqs88.mongodb.net
2024-05-27T06:55:50.875Z[ERROR]:getaddrinfo ENOTFOUND ac-flg3fce-shard-00-00.n7mqs88.mongodb.net
2024-05-27T06:55:50.876Z[ERROR]:getaddrinfo ENOTFOUND ac-flg3fce-shard-00-00.n7mqs88.mongodb.net
2024-05-27T06:55:50.877Z[ERROR]:getaddrinfo ENOTFOUND ac-flg3fce-shard-00-00.n7mqs88.mongodb.net
2024-05-27T06:55:50.878Z[ERROR]:getaddrinfo ENOTFOUND ac-flg3fce-shard-00-00.n7mqs88.mongodb.net
2024-05-27T06:55:50.880Z[ERROR]:getaddrinfo ENOTFOUND ac-flg3fce-shard-00-00.n7mqs88.mongodb.net
2024-05-27T06:55:50.881Z[ERROR]:getaddrinfo ENOTFOUND ac-flg3fce-shard-00-00.n7mqs88.mongodb.net
2024-05-27T06:55:50.883Z[ERROR]:getaddrinfo ENOTFOUND ac-flg3fce-shard-00-00.n7mqs88.mongodb.net
2024-05-27T06:55:50.906Z[ERROR]:getaddrinfo ENOTFOUND ac-flg3fce-shard-00-00.n7mqs88.mongodb.net
2024-05-27T06:55:50.908Z[ERROR]:getaddrinfo ENOTFOUND ac-flg3fce-shard-00-00.n7mqs88.mongodb.net
2024-05-27T06:55:50.909Z[ERROR]:getaddrinfo ENOTFOUND ac-flg3fce-shard-00-00.n7mqs88.mongodb.net
2024-05-27T06:55:50.923Z[ERROR]:getaddrinfo ENOTFOUND ac-flg3fce-shard-00-00.n7mqs88.mongodb.net
2024-05-27T06:55:50.924Z[ERROR]:getaddrinfo ENOTFOUND ac-flg3fce-shard-00-00.n7mqs88.mongodb.net
2024-05-27T06:55:50.925Z[ERROR]:getaddrinfo ENOTFOUND ac-flg3fce-shard-00-00.n7mqs88.mongodb.net
2024-05-27T06:55:50.926Z[ERROR]:getaddrinfo ENOTFOUND ac-flg3fce-shard-00-00.n7mqs88.mongodb.net
2024-05-27T06:55:50.927Z[ERROR]:getaddrinfo ENOTFOUND ac-flg3fce-shard-00-00.n7mqs88.mongodb.net
2024-05-27T06:55:50.928Z[ERROR]:getaddrinfo ENOTFOUND ac-flg3fce-shard-00-00.n7mqs88.mongodb.net
2024-05-27T06:55:50.929Z[ERROR]:getaddrinfo ENOTFOUND ac-flg3fce-shard-00-00.n7mqs88.mongodb.net
2024-05-27T06:55:50.930Z[ERROR]:getaddrinfo ENOTFOUND ac-flg3fce-shard-00-00.n7mqs88.mongodb.net
2024-05-27T06:55:50.932Z[ERROR]:getaddrinfo ENOTFOUND ac-flg3fce-shard-00-00.n7mqs88.mongodb.net
2024-05-27T06:55:50.934Z[ERROR]:getaddrinfo ENOTFOUND ac-flg3fce-shard-00-00.n7mqs88.mongodb.net
2024-05-27T06:55:50.936Z[ERROR]:getaddrinfo ENOTFOUND ac-flg3fce-shard-00-00.n7mqs88.mongodb.net
2024-05-27T06:55:50.968Z[ERROR]:getaddrinfo ENOTFOUND ac-flg3fce-shard-00-00.n7mqs88.mongodb.net
2024-05-27T06:55:50.970Z[ERROR]:getaddrinfo ENOTFOUND ac-flg3fce-shard-00-00.n7mqs88.mongodb.net
2024-05-27T06:55:50.971Z[ERROR]:getaddrinfo ENOTFOUND ac-flg3fce-shard-00-00.n7mqs88.mongodb.net
2024-05-27T06:55:50.972Z[ERROR]:getaddrinfo ENOTFOUND ac-flg3fce-shard-00-00.n7mqs88.mongodb.net
2024-05-27T06:55:50.973Z[ERROR]:getaddrinfo ENOTFOUND ac-flg3fce-shard-00-00.n7mqs88.mongodb.net
2024-05-27T06:55:50.974Z[ERROR]:getaddrinfo ENOTFOUND ac-flg3fce-shard-00-00.n7mqs88.mongodb.net
2024-05-27T06:55:50.976Z[ERROR]:getaddrinfo ENOTFOUND ac-flg3fce-shard-00-00.n7mqs88.mongodb.net
2024-05-27T06:55:50.977Z[ERROR]:getaddrinfo ENOTFOUND ac-flg3fce-shard-00-00.n7mqs88.mongodb.net
2024-05-27T06:55:50.978Z[ERROR]:getaddrinfo ENOTFOUND ac-flg3fce-shard-00-00.n7mqs88.mongodb.net
2024-05-27T06:55:50.979Z[ERROR]:getaddrinfo ENOTFOUND ac-flg3fce-shard-00-00.n7mqs88.mongodb.net
2024-05-27T06:55:50.981Z[ERROR]:getaddrinfo ENOTFOUND ac-flg3fce-shard-00-00.n7mqs88.mongodb.net
2024-05-27T06:55:50.982Z[ERROR]:getaddrinfo ENOTFOUND ac-flg3fce-shard-00-00.n7mqs88.mongodb.net
2024-05-27T06:55:50.984Z[ERROR]:getaddrinfo ENOTFOUND ac-flg3fce-shard-00-00.n7mqs88.mongodb.net
2024-05-27T06:55:50.998Z[ERROR]:getaddrinfo ENOTFOUND ac-flg3fce-shard-00-00.n7mqs88.mongodb.net
2024-05-27T06:55:51.000Z[ERROR]:getaddrinfo ENOTFOUND ac-flg3fce-shard-00-00.n7mqs88.mongodb.net
2024-05-27T06:55:51.003Z[ERROR]:getaddrinfo ENOTFOUND ac-flg3fce-shard-00-00.n7mqs88.mongodb.net
2024-05-27T06:55:51.004Z[ERROR]:getaddrinfo ENOTFOUND ac-flg3fce-shard-00-00.n7mqs88.mongodb.net
2024-05-27T06:55:51.006Z[ERROR]:getaddrinfo ENOTFOUND ac-flg3fce-shard-00-00.n7mqs88.mongodb.net
2024-05-27T06:55:51.008Z[ERROR]:getaddrinfo ENOTFOUND ac-flg3fce-shard-00-00.n7mqs88.mongodb.net
2024-05-27T06:55:51.009Z[ERROR]:getaddrinfo ENOTFOUND ac-flg3fce-shard-00-00.n7mqs88.mongodb.net
2024-05-27T06:55:51.011Z[ERROR]:getaddrinfo ENOTFOUND ac-flg3fce-shard-00-00.n7mqs88.mongodb.net
2024-05-27T06:55:51.012Z[ERROR]:getaddrinfo ENOTFOUND ac-flg3fce-shard-00-00.n7mqs88.mongodb.net
2024-05-27T06:55:51.015Z[ERROR]:getaddrinfo ENOTFOUND ac-flg3fce-shard-00-00.n7mqs88.mongodb.net
2024-05-27T06:55:51.016Z[ERROR]:getaddrinfo ENOTFOUND ac-flg3fce-shard-00-00.n7mqs88.mongodb.net
2024-05-27T06:55:51.018Z[ERROR]:getaddrinfo ENOTFOUND ac-flg3fce-shard-00-00.n7mqs88.mongodb.net
2024-05-27T06:55:51.021Z[ERROR]:getaddrinfo ENOTFOUND ac-flg3fce-shard-00-00.n7mqs88.mongodb.net
2024-05-27T06:55:51.025Z[ERROR]:getaddrinfo ENOTFOUND ac-flg3fce-shard-00-00.n7mqs88.mongodb.net
2024-05-27T06:55:51.026Z[ERROR]:getaddrinfo ENOTFOUND ac-flg3fce-shard-00-00.n7mqs88.mongodb.net
2024-05-27T06:55:51.028Z[ERROR]:getaddrinfo ENOTFOUND ac-flg3fce-shard-00-00.n7mqs88.mongodb.net
2024-05-27T06:55:51.045Z[ERROR]:getaddrinfo ENOTFOUND ac-flg3fce-shard-00-00.n7mqs88.mongodb.net
2024-05-27T06:55:51.047Z[ERROR]:getaddrinfo ENOTFOUND ac-flg3fce-shard-00-00.n7mqs88.mongodb.net
2024-05-27T06:55:51.048Z[ERROR]:getaddrinfo ENOTFOUND ac-flg3fce-shard-00-00.n7mqs88.mongodb.net
2024-05-27T06:55:51.050Z[ERROR]:getaddrinfo ENOTFOUND ac-flg3fce-shard-00-00.n7mqs88.mongodb.net
2024-05-27T06:55:51.051Z[ERROR]:getaddrinfo ENOTFOUND ac-flg3fce-shard-00-00.n7mqs88.mongodb.net
2024-05-27T06:55:51.052Z[ERROR]:getaddrinfo ENOTFOUND ac-flg3fce-shard-00-00.n7mqs88.mongodb.net
2024-05-27T06:55:51.055Z[ERROR]:getaddrinfo ENOTFOUND ac-flg3fce-shard-00-00.n7mqs88.mongodb.net
2024-05-27T06:55:51.057Z[ERROR]:getaddrinfo ENOTFOUND ac-flg3fce-shard-00-00.n7mqs88.mongodb.net
2024-05-27T06:55:51.058Z[ERROR]:getaddrinfo ENOTFOUND ac-flg3fce-shard-00-00.n7mqs88.mongodb.net
2024-05-27T06:55:51.074Z[ERROR]:getaddrinfo ENOTFOUND ac-flg3fce-shard-00-00.n7mqs88.mongodb.net
2024-05-27T06:55:51.076Z[ERROR]:getaddrinfo ENOTFOUND ac-flg3fce-shard-00-00.n7mqs88.mongodb.net
2024-05-27T06:55:51.077Z[ERROR]:getaddrinfo ENOTFOUND ac-flg3fce-shard-00-00.n7mqs88.mongodb.net
2024-05-27T06:55:51.078Z[ERROR]:getaddrinfo ENOTFOUND ac-flg3fce-shard-00-00.n7mqs88.mongodb.net
2024-05-27T06:55:51.080Z[ERROR]:getaddrinfo ENOTFOUND ac-flg3fce-shard-00-00.n7mqs88.mongodb.net
2024-05-27T06:55:51.081Z[ERROR]:getaddrinfo ENOTFOUND ac-flg3fce-shard-00-00.n7mqs88.mongodb.net
2024-05-27T06:55:51.083Z[ERROR]:getaddrinfo ENOTFOUND ac-flg3fce-shard-00-00.n7mqs88.mongodb.net
2024-05-27T06:55:51.085Z[ERROR]:getaddrinfo ENOTFOUND ac-flg3fce-shard-00-00.n7mqs88.mongodb.net
2024-05-27T06:55:51.088Z[ERROR]:getaddrinfo ENOTFOUND ac-flg3fce-shard-00-00.n7mqs88.mongodb.net
2024-05-27T06:55:51.089Z[ERROR]:getaddrinfo ENOTFOUND ac-flg3fce-shard-00-00.n7mqs88.mongodb.net
2024-05-27T06:55:51.091Z[ERROR]:getaddrinfo ENOTFOUND ac-flg3fce-shard-00-00.n7mqs88.mongodb.net
2024-05-27T06:55:51.093Z[ERROR]:getaddrinfo ENOTFOUND ac-flg3fce-shard-00-00.n7mqs88.mongodb.net
2024-05-27T06:55:51.095Z[ERROR]:getaddrinfo ENOTFOUND ac-flg3fce-shard-00-00.n7mqs88.mongodb.net
2024-05-27T06:55:51.097Z[ERROR]:getaddrinfo ENOTFOUND ac-flg3fce-shard-00-00.n7mqs88.mongodb.net
2024-05-27T06:55:51.110Z[ERROR]:getaddrinfo ENOTFOUND ac-flg3fce-shard-00-00.n7mqs88.mongodb.net
2024-05-27T06:55:51.111Z[ERROR]:getaddrinfo ENOTFOUND ac-flg3fce-shard-00-00.n7mqs88.mongodb.net
2024-05-27T06:55:51.114Z[ERROR]:getaddrinfo ENOTFOUND ac-flg3fce-shard-00-00.n7mqs88.mongodb.net
2024-05-27T06:55:51.116Z[ERROR]:getaddrinfo ENOTFOUND ac-flg3fce-shard-00-00.n7mqs88.mongodb.net
2024-05-27T06:55:51.117Z[ERROR]:getaddrinfo ENOTFOUND ac-flg3fce-shard-00-00.n7mqs88.mongodb.net
2024-05-27T06:55:51.122Z[ERROR]:getaddrinfo ENOTFOUND ac-flg3fce-shard-00-00.n7mqs88.mongodb.net
2024-05-27T06:55:51.124Z[ERROR]:getaddrinfo ENOTFOUND ac-flg3fce-shard-00-00.n7mqs88.mongodb.net
2024-05-27T06:55:51.126Z[ERROR]:getaddrinfo ENOTFOUND ac-flg3fce-shard-00-00.n7mqs88.mongodb.net
2024-05-27T06:55:51.127Z[ERROR]:getaddrinfo ENOTFOUND ac-flg3fce-shard-00-00.n7mqs88.mongodb.net
2024-05-27T06:55:51.128Z[ERROR]:getaddrinfo ENOTFOUND ac-flg3fce-shard-00-00.n7mqs88.mongodb.net
2024-05-27T06:55:51.130Z[ERROR]:getaddrinfo ENOTFOUND ac-flg3fce-shard-00-00.n7mqs88.mongodb.net
2024-05-27T06:55:51.132Z[ERROR]:getaddrinfo ENOTFOUND ac-flg3fce-shard-00-00.n7mqs88.mongodb.net
2024-05-27T06:55:51.134Z[ERROR]:getaddrinfo ENOTFOUND ac-flg3fce-shard-00-00.n7mqs88.mongodb.net
2024-05-27T06:55:51.137Z[ERROR]:getaddrinfo ENOTFOUND ac-flg3fce-shard-00-00.n7mqs88.mongodb.net
2024-05-27T06:55:51.138Z[ERROR]:getaddrinfo ENOTFOUND ac-flg3fce-shard-00-00.n7mqs88.mongodb.net
2024-05-27T06:55:51.139Z[ERROR]:getaddrinfo ENOTFOUND ac-flg3fce-shard-00-00.n7mqs88.mongodb.net
2024-05-27T06:55:51.141Z[ERROR]:getaddrinfo ENOTFOUND ac-flg3fce-shard-00-00.n7mqs88.mongodb.net
2024-05-27T06:55:51.142Z[ERROR]:getaddrinfo ENOTFOUND ac-flg3fce-shard-00-00.n7mqs88.mongodb.net
2024-05-27T06:55:51.143Z[ERROR]:getaddrinfo ENOTFOUND ac-flg3fce-shard-00-00.n7mqs88.mongodb.net
2024-05-27T06:55:51.145Z[ERROR]:getaddrinfo ENOTFOUND ac-flg3fce-shard-00-00.n7mqs88.mongodb.net
2024-05-27T06:55:51.147Z[ERROR]:getaddrinfo ENOTFOUND ac-flg3fce-shard-00-00.n7mqs88.mongodb.net
2024-05-27T06:55:51.148Z[ERROR]:getaddrinfo ENOTFOUND ac-flg3fce-shard-00-00.n7mqs88.mongodb.net
2024-05-27T06:55:51.150Z[ERROR]:getaddrinfo ENOTFOUND ac-flg3fce-shard-00-00.n7mqs88.mongodb.net
2024-05-27T06:55:51.153Z[ERROR]:getaddrinfo ENOTFOUND ac-flg3fce-shard-00-00.n7mqs88.mongodb.net
2024-05-27T06:55:51.157Z[ERROR]:getaddrinfo ENOTFOUND ac-flg3fce-shard-00-00.n7mqs88.mongodb.net
2024-05-27T06:55:51.159Z[ERROR]:getaddrinfo ENOTFOUND ac-flg3fce-shard-00-00.n7mqs88.mongodb.net
2024-05-27T06:55:51.161Z[ERROR]:getaddrinfo ENOTFOUND ac-flg3fce-shard-00-00.n7mqs88.mongodb.net
2024-05-27T06:55:51.162Z[ERROR]:getaddrinfo ENOTFOUND ac-flg3fce-shard-00-00.n7mqs88.mongodb.net
2024-05-27T06:55:51.164Z[ERROR]:getaddrinfo ENOTFOUND ac-flg3fce-shard-00-00.n7mqs88.mongodb.net
2024-05-27T06:55:51.166Z[ERROR]:getaddrinfo ENOTFOUND ac-flg3fce-shard-00-00.n7mqs88.mongodb.net
2024-05-27T06:55:51.169Z[ERROR]:getaddrinfo ENOTFOUND ac-flg3fce-shard-00-00.n7mqs88.mongodb.net
2024-05-27T06:55:51.171Z[ERROR]:getaddrinfo ENOTFOUND ac-flg3fce-shard-00-00.n7mqs88.mongodb.net
2024-05-27T06:55:51.173Z[ERROR]:getaddrinfo ENOTFOUND ac-flg3fce-shard-00-00.n7mqs88.mongodb.net
2024-05-27T06:55:51.174Z[ERROR]:getaddrinfo ENOTFOUND ac-flg3fce-shard-00-00.n7mqs88.mongodb.net
2024-05-27T06:55:51.176Z[ERROR]:getaddrinfo ENOTFOUND ac-flg3fce-shard-00-00.n7mqs88.mongodb.net
2024-05-27T06:55:51.177Z[ERROR]:getaddrinfo ENOTFOUND ac-flg3fce-shard-00-00.n7mqs88.mongodb.net
2024-05-27T06:55:51.178Z[ERROR]:getaddrinfo ENOTFOUND ac-flg3fce-shard-00-00.n7mqs88.mongodb.net
2024-05-27T06:55:51.180Z[ERROR]:getaddrinfo ENOTFOUND ac-flg3fce-shard-00-00.n7mqs88.mongodb.net
2024-05-27T06:55:51.182Z[ERROR]:getaddrinfo ENOTFOUND ac-flg3fce-shard-00-00.n7mqs88.mongodb.net
2024-05-27T06:55:51.184Z[ERROR]:getaddrinfo ENOTFOUND ac-flg3fce-shard-00-00.n7mqs88.mongodb.net
2024-05-27T06:55:51.186Z[ERROR]:getaddrinfo ENOTFOUND ac-flg3fce-shard-00-00.n7mqs88.mongodb.net
2024-05-27T06:55:51.190Z[ERROR]:getaddrinfo ENOTFOUND ac-flg3fce-shard-00-00.n7mqs88.mongodb.net
2024-05-27T06:55:51.191Z[ERROR]:getaddrinfo ENOTFOUND ac-flg3fce-shard-00-00.n7mqs88.mongodb.net
2024-05-27T15:52:38.063Z[INFO]:MongoDB connected....
2024-05-27T16:07:48.599Z[INFO]:Directory watch Task Started
2024-05-27T16:09:17.249Z[INFO]:Directory watch Task Started
